{"C:\\Users\\nacho\\OneDrive - UNIVERSIDAD DE SEVILLA\\Desktop\\SOS\\SOS2223-11\\codeCover.js": {"path":"C:\\Users\\nacho\\OneDrive - UNIVERSIDAD DE SEVILLA\\Desktop\\SOS\\SOS2223-11\\codeCover.js","statementMap":{"0":{"start":{"line":2,"column":4},"end":{"line":2,"column":17}},"1":{"start":{"line":5,"column":0},"end":{"line":5,"column":21}}},"fnMap":{"0":{"name":"sum","decl":{"start":{"line":1,"column":9},"end":{"line":1,"column":12}},"loc":{"start":{"line":1,"column":19},"end":{"line":3,"column":1}},"line":1}},"branchMap":{},"s":{"0":1,"1":1},"f":{"0":1},"b":{},"_coverageSchema":"1a1c01bbd47fc00a2c39e90264f33305004495a9","hash":"e1906600c451844cbdb85a99050573bfdaae5ad1"}
}
